<?xml version="1.0" encoding="UTF-8"?>
<!-- Generated by org.testng.reporters.JUnitXMLReporter -->
<testsuite ignored="0" hostname="LAPTOP-BKF1645O" failures="0" tests="2" name="Test" time="28.26" errors="0" timestamp="2024-09-03T10:20:50 IST">
  <testcase classname="com.inetbanking_hybridframework.testcases.LoginPageTestCases" name="validateLoginPageTitle" time="0.032"/>
  <testcase classname="com.inetbanking_hybridframework.testcases.LoginPageTestCases" name="validateLoginFunctionality" time="4.787"/>
</testsuite> <!-- Test -->
